<?xml version="1.0" encoding="UTF-8"?>
<!-- Generated by org.testng.reporters.JUnitXMLReporter -->
<testsuite ignored="0" hostname="DESKTOP-C2NQTD1" failures="0" tests="5" name="Default test" time="12.538" errors="0" timestamp="2022-02-13T14:24:10 EET">
  <testcase classname="tests.MyAccountTest" name="UserCanRegisterSuccessfully" time="2.444"/>
  <testcase classname="tests.MyAccountTest" name="RegisteredUserCanChangePassword" time="5.54"/>
  <testcase classname="tests.MyAccountTest" name="RegisteredUserCanLogout" time="1.78"/>
  <testcase classname="tests.MyAccountTest" name="RegisteredUserCanLogin" time="1.836"/>
  <testcase classname="tests.MyAccountTest" name="UserLogout" time="0.845"/>
</testsuite> <!-- Default test -->
