<?xml version="1.0" encoding="UTF-8"?>
<testsuite xmlns:xsi="http://www.w3.org/2001/XMLSchema-instance" xsi:noNamespaceSchemaLocation="https://maven.apache.org/surefire/maven-surefire-plugin/xsd/surefire-test-report-3.0.xsd" version="3.0" name="TestSuite" time="30.26" tests="12" errors="0" skipped="0" failures="0">
  <properties>
[...]
</properties>
  <testcase name="UserCanRegisterSuccessfully" classname="tests.UserRegistrationTest" time="2.804">
    <system-err><![CDATA[Starting ChromeDriver 98.0.4758.80 (7f0488e8ba0d8e019187c6325a16c29d9b7f4989-refs/branch-heads/4758@{#972}) on port 18179
Only local connections are allowed.
Please see https://chromedriver.chromium.org/security-considerations for suggestions on keeping ChromeDriver safe.
ChromeDriver was started successfully.
[1648671855.110][WARNING]: This version of ChromeDriver has not been tested with Chrome version 99.
Mar 30, 2022 10:24:15 PM org.openqa.selenium.remote.ProtocolHandshake createSession
INFO: Detected dialect: W3C
]]></system-err>
  </testcase>
  <testcase name="RegisteredUserCanLogout" classname="tests.UserRegistrationTest" time="1.082"/>
  <testcase name="RegisteredUserCanLogin" classname="tests.UserRegistrationTest" time="2.096"/>
  <testcase name="UserCanLogout" classname="tests.UserRegistrationTest" time="0.993"/>
  <testcase name="UserCanRegisterSuccessfully" classname="tests.MyAccountTest" time="2.414"/>
  <testcase name="RegisteredUserCanChangePassword" classname="tests.MyAccountTest" time="3.78"/>
  <testcase name="RegisteredUserCanLogout" classname="tests.MyAccountTest" time="1.034"/>
  <testcase name="RegisteredUserCanLogin" classname="tests.MyAccountTest" time="2.063"/>
  <testcase name="UserLogout" classname="tests.MyAccountTest" time="1.03"/>
  <testcase name="UserCanContactWebsiteOwner" classname="tests.ContactUsTest" time="1.829"/>
  <testcase name="UserCanSearchForProducts" classname="tests.SearchProductTest" time="2.491"/>
  <testcase name="UserCanSearchForProductWithAutoSuggest" classname="tests.SearchProductTestWithAutoSuggest" time="0.122">
    <system-out><![CDATA[Error Occurred com.sun.proxy.$Proxy13 cannot be cast to org.openqa.selenium.By
]]></system-out>
  </testcase>
</testsuite>