-------------------------------------------------------------------------------
Test set: TestSuite
-------------------------------------------------------------------------------
Tests run: 24, Failures: 2, Errors: 0, Skipped: 4, Time elapsed: 38.809 s <<< FAILURE! - in TestSuite
tests.MyAccountTest.RegisteredUserCanLogout  Time elapsed: 1.109 s  <<< FAILURE!
org.openqa.selenium.ElementClickInterceptedException: 
element click intercepted: Element <a href="/logout" class="ico-logout">...</a> is not clickable at point (728, 22). Other element would receive the click: <p class="content">...</p>
  (Session info: chrome=99.0.4844.84)
Build info: version: '3.141.59', revision: 'e82be7d358', time: '2018-11-14T08:17:03'
System info: host: 'DESKTOP-C2NQTD1', ip: '192.168.103.149', os.name: 'Windows 10', os.arch: 'amd64', os.version: '10.0', java.version: '1.8.0_321'
Driver info: org.openqa.selenium.remote.RemoteWebDriver
Capabilities {acceptInsecureCerts: false, browserName: chrome, browserVersion: 99.0.4844.84, chrome: {chromedriverVersion: 99.0.4844.51 (d537ec02474b5..., userDataDir: /tmp/.com.google.Chrome.P3g5hj}, goog:chromeOptions: {debuggerAddress: localhost:33047}, javascriptEnabled: true, networkConnectionEnabled: false, pageLoadStrategy: normal, platform: LINUX, platformName: LINUX, proxy: Proxy(), se:cdp: ws://172.22.0.3:4444/sessio..., se:cdpVersion: 99.0.4844.84, se:vnc: ws://172.22.0.3:4444/sessio..., se:vncEnabled: true, se:vncLocalAddress: ws://172.22.0.3:7900, setWindowRect: true, strictFileInteractability: false, timeouts: {implicit: 0, pageLoad: 300000, script: 30000}, unhandledPromptBehavior: dismiss and notify, webauthn:extension:credBlob: true, webauthn:extension:largeBlob: true, webauthn:virtualAuthenticators: true}
Session ID: 7f20f1612f433737f0f1f385942fb804
	at tests.MyAccountTest.RegisteredUserCanLogout(MyAccountTest.java:52)

tests.MyAccountTest.RegisteredUserCanLogout  Time elapsed: 0.072 s  <<< FAILURE!
org.openqa.selenium.ElementClickInterceptedException: 
Element <a class="ico-logout" href="/logout"> is not clickable at point (888,22) because another element <p class="content"> obscures it
Build info: version: '3.141.59', revision: 'e82be7d358', time: '2018-11-14T08:17:03'
System info: host: 'DESKTOP-C2NQTD1', ip: '192.168.103.149', os.name: 'Windows 10', os.arch: 'amd64', os.version: '10.0', java.version: '1.8.0_321'
Driver info: org.openqa.selenium.remote.RemoteWebDriver
Capabilities {acceptInsecureCerts: false, browserName: firefox, browserVersion: 98.0.2, javascriptEnabled: true, moz:accessibilityChecks: false, moz:buildID: 20220322144853, moz:geckodriverVersion: 0.30.0, moz:headless: false, moz:processID: 4608, moz:profile: /tmp/rust_mozprofilewCFRK0, moz:shutdownTimeout: 60000, moz:useNonSpecCompliantPointerOrigin: false, moz:webdriverClick: true, pageLoadStrategy: normal, platform: LINUX, platformName: LINUX, platformVersion: 5.10.102.1-microsoft-standa..., proxy: Proxy(), se:cdp: ws://172.22.0.4:4444/sessio..., se:noVncPort: 7900, se:vnc: ws://172.22.0.4:4444/sessio..., se:vncEnabled: true, se:vncLocalAddress: ws://172.22.0.4:7900, setWindowRect: true, strictFileInteractability: false, timeouts: {implicit: 0, pageLoad: 300000, script: 30000}, unhandledPromptBehavior: dismiss and notify}
Session ID: e9a46467-d1b0-4216-a0bd-d93e05845bcb
	at tests.MyAccountTest.RegisteredUserCanLogout(MyAccountTest.java:52)

