<?xml version="1.0" encoding="UTF-8"?>
<testsuite xmlns:xsi="http://www.w3.org/2001/XMLSchema-instance" xsi:noNamespaceSchemaLocation="https://maven.apache.org/surefire/maven-surefire-plugin/xsd/surefire-test-report-3.0.xsd" version="3.0" name="TestSuite" time="38.809" tests="24" errors="0" skipped="4" failures="2">
  <properties>
[...]
</properties>
  <testcase name="UserCanContactWebsiteOwner" classname="tests.ContactUsTest" time="2.404">
    <system-err><![CDATA[Apr 07, 2022 4:37:01 PM org.openqa.selenium.remote.ProtocolHandshake createSession
INFO: Detected dialect: W3C
Apr 07, 2022 4:37:02 PM org.openqa.selenium.remote.ProtocolHandshake createSession
INFO: Detected dialect: W3C
]]></system-err>
  </testcase>
  <testcase name="UserCanContactWebsiteOwner" classname="tests.ContactUsTest" time="1.891">
    <system-err><![CDATA[Apr 07, 2022 4:37:05 PM org.openqa.selenium.remote.ProtocolHandshake createSession
INFO: Detected dialect: W3C
]]></system-err>
  </testcase>
  <testcase name="UserCanSearchForProductWithAutoSuggest" classname="tests.SearchProductTestWithAutoSuggest" time="0.219">
    <system-out><![CDATA[Error Occurred element not interactable
  (Session info: chrome=99.0.4844.84)
Build info: version: '3.141.59', revision: 'e82be7d358', time: '2018-11-14T08:17:03'
System info: host: 'DESKTOP-C2NQTD1', ip: '192.168.103.149', os.name: 'Windows 10', os.arch: 'amd64', os.version: '10.0', java.version: '1.8.0_321'
Driver info: org.openqa.selenium.remote.RemoteWebDriver
Capabilities {acceptInsecureCerts: false, browserName: chrome, browserVersion: 99.0.4844.84, chrome: {chromedriverVersion: 99.0.4844.51 (d537ec02474b5..., userDataDir: /tmp/.com.google.Chrome.JYSvJ4}, goog:chromeOptions: {debuggerAddress: localhost:39957}, javascriptEnabled: true, networkConnectionEnabled: false, pageLoadStrategy: normal, platform: LINUX, platformName: LINUX, proxy: Proxy(), se:cdp: ws://172.22.0.3:4444/sessio..., se:cdpVersion: 99.0.4844.84, se:vnc: ws://172.22.0.3:4444/sessio..., se:vncEnabled: true, se:vncLocalAddress: ws://172.22.0.3:7900, setWindowRect: true, strictFileInteractability: false, timeouts: {implicit: 0, pageLoad: 300000, script: 30000}, unhandledPromptBehavior: dismiss and notify, webauthn:extension:credBlob: true, webauthn:extension:largeBlob: true, webauthn:virtualAuthenticators: true}
Session ID: ada9ab7c42081bc1146b37df90465875
]]></system-out>
  </testcase>
  <testcase name="UserCanSearchForProductWithAutoSuggest" classname="tests.SearchProductTestWithAutoSuggest" time="0.148">
    <system-out><![CDATA[Error Occurred Element <ul id="ui-id-1" class="ui-menu ui-widget ui-widget-content ui-autocomplete ui-front"> could not be scrolled into view
Build info: version: '3.141.59', revision: 'e82be7d358', time: '2018-11-14T08:17:03'
System info: host: 'DESKTOP-C2NQTD1', ip: '192.168.103.149', os.name: 'Windows 10', os.arch: 'amd64', os.version: '10.0', java.version: '1.8.0_321'
Driver info: org.openqa.selenium.remote.RemoteWebDriver
Capabilities {acceptInsecureCerts: false, browserName: firefox, browserVersion: 98.0.2, javascriptEnabled: true, moz:accessibilityChecks: false, moz:buildID: 20220322144853, moz:geckodriverVersion: 0.30.0, moz:headless: false, moz:processID: 3688, moz:profile: /tmp/rust_mozprofileVdqHAl, moz:shutdownTimeout: 60000, moz:useNonSpecCompliantPointerOrigin: false, moz:webdriverClick: true, pageLoadStrategy: normal, platform: LINUX, platformName: LINUX, platformVersion: 5.10.102.1-microsoft-standa..., proxy: Proxy(), se:cdp: ws://172.22.0.4:4444/sessio..., se:noVncPort: 7900, se:vnc: ws://172.22.0.4:4444/sessio..., se:vncEnabled: true, se:vncLocalAddress: ws://172.22.0.4:7900, setWindowRect: true, strictFileInteractability: false, timeouts: {implicit: 0, pageLoad: 300000, script: 30000}, unhandledPromptBehavior: dismiss and notify}
Session ID: 231ebef8-8634-43bb-8e8a-a1c18be1ada6
]]></system-out>
    <system-err><![CDATA[Apr 07, 2022 4:37:07 PM org.openqa.selenium.remote.ProtocolHandshake createSession
INFO: Detected dialect: W3C
Apr 07, 2022 4:37:08 PM org.openqa.selenium.remote.ProtocolHandshake createSession
INFO: Detected dialect: W3C
]]></system-err>
  </testcase>
  <testcase name="UserCanSearchForProducts" classname="tests.SearchProductTest" time="1.93">
    <system-err><![CDATA[Apr 07, 2022 4:37:12 PM org.openqa.selenium.remote.ProtocolHandshake createSession
INFO: Detected dialect: W3C
]]></system-err>
  </testcase>
  <testcase name="UserCanSearchForProducts" classname="tests.SearchProductTest" time="2.714">
    <system-err><![CDATA[Apr 07, 2022 4:37:16 PM org.openqa.selenium.remote.ProtocolHandshake createSession
INFO: Detected dialect: W3C
]]></system-err>
  </testcase>
  <testcase name="UserCanRegisterSuccessfully" classname="tests.UserRegistrationTest" time="1.998">
    <system-err><![CDATA[Apr 07, 2022 4:37:18 PM org.openqa.selenium.remote.ProtocolHandshake createSession
INFO: Detected dialect: W3C
]]></system-err>
  </testcase>
  <testcase name="UserCanRegisterSuccessfully" classname="tests.UserRegistrationTest" time="0.727"/>
  <testcase name="RegisteredUserCanLogout" classname="tests.UserRegistrationTest" time="0.497"/>
  <testcase name="RegisteredUserCanLogout" classname="tests.UserRegistrationTest" time="0.596"/>
  <testcase name="RegisteredUserCanLogin" classname="tests.UserRegistrationTest" time="1.716"/>
  <testcase name="RegisteredUserCanLogin" classname="tests.UserRegistrationTest" time="0.487"/>
  <testcase name="UserCanLogout" classname="tests.UserRegistrationTest" time="0.751"/>
  <testcase name="UserCanLogout" classname="tests.UserRegistrationTest" time="1.066"/>
  <testcase name="UserCanRegisterSuccessfully" classname="tests.MyAccountTest" time="1.156">
    <system-err><![CDATA[Apr 07, 2022 4:37:27 PM org.openqa.selenium.remote.ProtocolHandshake createSession
INFO: Detected dialect: W3C
Apr 07, 2022 4:37:29 PM org.openqa.selenium.remote.ProtocolHandshake createSession
INFO: Detected dialect: W3C
]]></system-err>
  </testcase>
  <testcase name="UserCanRegisterSuccessfully" classname="tests.MyAccountTest" time="2.748"/>
  <testcase name="RegisteredUserCanChangePassword" classname="tests.MyAccountTest" time="0.217"/>
  <testcase name="RegisteredUserCanChangePassword" classname="tests.MyAccountTest" time="1.313"/>
  <testcase name="RegisteredUserCanLogout" classname="tests.MyAccountTest" time="1.109">
    <failure message="element click intercepted: Element &lt;a href=&quot;/logout&quot; class=&quot;ico-logout&quot;&gt;...&lt;/a&gt; is not clickable at point (728, 22). Other element would receive the click: &lt;p class=&quot;content&quot;&gt;...&lt;/p&gt;&#10;  (Session info: chrome=99.0.4844.84)&#10;Build info: version: &apos;3.141.59&apos;, revision: &apos;e82be7d358&apos;, time: &apos;2018-11-14T08:17:03&apos;&#10;System info: host: &apos;DESKTOP-C2NQTD1&apos;, ip: &apos;192.168.103.149&apos;, os.name: &apos;Windows 10&apos;, os.arch: &apos;amd64&apos;, os.version: &apos;10.0&apos;, java.version: &apos;1.8.0_321&apos;&#10;Driver info: org.openqa.selenium.remote.RemoteWebDriver&#10;Capabilities {acceptInsecureCerts: false, browserName: chrome, browserVersion: 99.0.4844.84, chrome: {chromedriverVersion: 99.0.4844.51 (d537ec02474b5..., userDataDir: /tmp/.com.google.Chrome.P3g5hj}, goog:chromeOptions: {debuggerAddress: localhost:33047}, javascriptEnabled: true, networkConnectionEnabled: false, pageLoadStrategy: normal, platform: LINUX, platformName: LINUX, proxy: Proxy(), se:cdp: ws://172.22.0.3:4444/sessio..., se:cdpVersion: 99.0.4844.84, se:vnc: ws://172.22.0.3:4444/sessio..., se:vncEnabled: true, se:vncLocalAddress: ws://172.22.0.3:7900, setWindowRect: true, strictFileInteractability: false, timeouts: {implicit: 0, pageLoad: 300000, script: 30000}, unhandledPromptBehavior: dismiss and notify, webauthn:extension:credBlob: true, webauthn:extension:largeBlob: true, webauthn:virtualAuthenticators: true}&#10;Session ID: 7f20f1612f433737f0f1f385942fb804" type="org.openqa.selenium.ElementClickInterceptedException"><![CDATA[org.openqa.selenium.ElementClickInterceptedException: 
element click intercepted: Element <a href="/logout" class="ico-logout">...</a> is not clickable at point (728, 22). Other element would receive the click: <p class="content">...</p>
  (Session info: chrome=99.0.4844.84)
Build info: version: '3.141.59', revision: 'e82be7d358', time: '2018-11-14T08:17:03'
System info: host: 'DESKTOP-C2NQTD1', ip: '192.168.103.149', os.name: 'Windows 10', os.arch: 'amd64', os.version: '10.0', java.version: '1.8.0_321'
Driver info: org.openqa.selenium.remote.RemoteWebDriver
Capabilities {acceptInsecureCerts: false, browserName: chrome, browserVersion: 99.0.4844.84, chrome: {chromedriverVersion: 99.0.4844.51 (d537ec02474b5..., userDataDir: /tmp/.com.google.Chrome.P3g5hj}, goog:chromeOptions: {debuggerAddress: localhost:33047}, javascriptEnabled: true, networkConnectionEnabled: false, pageLoadStrategy: normal, platform: LINUX, platformName: LINUX, proxy: Proxy(), se:cdp: ws://172.22.0.3:4444/sessio..., se:cdpVersion: 99.0.4844.84, se:vnc: ws://172.22.0.3:4444/sessio..., se:vncEnabled: true, se:vncLocalAddress: ws://172.22.0.3:7900, setWindowRect: true, strictFileInteractability: false, timeouts: {implicit: 0, pageLoad: 300000, script: 30000}, unhandledPromptBehavior: dismiss and notify, webauthn:extension:credBlob: true, webauthn:extension:largeBlob: true, webauthn:virtualAuthenticators: true}
Session ID: 7f20f1612f433737f0f1f385942fb804
	at tests.MyAccountTest.RegisteredUserCanLogout(MyAccountTest.java:52)
]]></failure>
  </testcase>
  <testcase name="RegisteredUserCanLogout" classname="tests.MyAccountTest" time="0.072">
    <failure message="Element &lt;a class=&quot;ico-logout&quot; href=&quot;/logout&quot;&gt; is not clickable at point (888,22) because another element &lt;p class=&quot;content&quot;&gt; obscures it&#10;Build info: version: &apos;3.141.59&apos;, revision: &apos;e82be7d358&apos;, time: &apos;2018-11-14T08:17:03&apos;&#10;System info: host: &apos;DESKTOP-C2NQTD1&apos;, ip: &apos;192.168.103.149&apos;, os.name: &apos;Windows 10&apos;, os.arch: &apos;amd64&apos;, os.version: &apos;10.0&apos;, java.version: &apos;1.8.0_321&apos;&#10;Driver info: org.openqa.selenium.remote.RemoteWebDriver&#10;Capabilities {acceptInsecureCerts: false, browserName: firefox, browserVersion: 98.0.2, javascriptEnabled: true, moz:accessibilityChecks: false, moz:buildID: 20220322144853, moz:geckodriverVersion: 0.30.0, moz:headless: false, moz:processID: 4608, moz:profile: /tmp/rust_mozprofilewCFRK0, moz:shutdownTimeout: 60000, moz:useNonSpecCompliantPointerOrigin: false, moz:webdriverClick: true, pageLoadStrategy: normal, platform: LINUX, platformName: LINUX, platformVersion: 5.10.102.1-microsoft-standa..., proxy: Proxy(), se:cdp: ws://172.22.0.4:4444/sessio..., se:noVncPort: 7900, se:vnc: ws://172.22.0.4:4444/sessio..., se:vncEnabled: true, se:vncLocalAddress: ws://172.22.0.4:7900, setWindowRect: true, strictFileInteractability: false, timeouts: {implicit: 0, pageLoad: 300000, script: 30000}, unhandledPromptBehavior: dismiss and notify}&#10;Session ID: e9a46467-d1b0-4216-a0bd-d93e05845bcb" type="org.openqa.selenium.ElementClickInterceptedException"><![CDATA[org.openqa.selenium.ElementClickInterceptedException: 
Element <a class="ico-logout" href="/logout"> is not clickable at point (888,22) because another element <p class="content"> obscures it
Build info: version: '3.141.59', revision: 'e82be7d358', time: '2018-11-14T08:17:03'
System info: host: 'DESKTOP-C2NQTD1', ip: '192.168.103.149', os.name: 'Windows 10', os.arch: 'amd64', os.version: '10.0', java.version: '1.8.0_321'
Driver info: org.openqa.selenium.remote.RemoteWebDriver
Capabilities {acceptInsecureCerts: false, browserName: firefox, browserVersion: 98.0.2, javascriptEnabled: true, moz:accessibilityChecks: false, moz:buildID: 20220322144853, moz:geckodriverVersion: 0.30.0, moz:headless: false, moz:processID: 4608, moz:profile: /tmp/rust_mozprofilewCFRK0, moz:shutdownTimeout: 60000, moz:useNonSpecCompliantPointerOrigin: false, moz:webdriverClick: true, pageLoadStrategy: normal, platform: LINUX, platformName: LINUX, platformVersion: 5.10.102.1-microsoft-standa..., proxy: Proxy(), se:cdp: ws://172.22.0.4:4444/sessio..., se:noVncPort: 7900, se:vnc: ws://172.22.0.4:4444/sessio..., se:vncEnabled: true, se:vncLocalAddress: ws://172.22.0.4:7900, setWindowRect: true, strictFileInteractability: false, timeouts: {implicit: 0, pageLoad: 300000, script: 30000}, unhandledPromptBehavior: dismiss and notify}
Session ID: e9a46467-d1b0-4216-a0bd-d93e05845bcb
	at tests.MyAccountTest.RegisteredUserCanLogout(MyAccountTest.java:52)
]]></failure>
  </testcase>
  <testcase name="RegisteredUserCanLogin" classname="tests.MyAccountTest" time="0">
    <skipped message="Method MyAccountTest.RegisteredUserCanLogin()[pri:4, instance:tests.MyAccountTest@2ec92631] depends on not successfully finished methods"/>
    <system-out><![CDATA[Failed!
Taking Screenshot....
]]></system-out>
  </testcase>
  <testcase name="RegisteredUserCanLogin" classname="tests.MyAccountTest" time="0">
    <skipped message="Method MyAccountTest.RegisteredUserCanLogin()[pri:4, instance:tests.MyAccountTest@1eb85e83] depends on not successfully finished methods"/>
    <system-out><![CDATA[Failed!
Taking Screenshot....
]]></system-out>
  </testcase>
  <testcase name="UserLogout" classname="tests.MyAccountTest" time="0">
    <skipped message="Method MyAccountTest.UserLogout()[pri:5, instance:tests.MyAccountTest@2ec92631] depends on not successfully finished methods"/>
  </testcase>
  <testcase name="UserLogout" classname="tests.MyAccountTest" time="0">
    <skipped message="Method MyAccountTest.UserLogout()[pri:5, instance:tests.MyAccountTest@1eb85e83] depends on not successfully finished methods"/>
  </testcase>
</testsuite>