<?xml version="1.0" encoding="UTF-8"?>
<testng-results ignored="3" total="12" passed="9" failed="0" skipped="0">
  <reporter-output>
  </reporter-output>
  <suite started-at="2022-02-13T14:27:01 EET" name="nopcommerce Regression Suite" finished-at="2022-02-13T14:27:16 EET" duration-ms="15452">
    <groups>
    </groups>
    <test started-at="2022-02-13T14:27:01 EET" name="Test" finished-at="2022-02-13T14:27:16 EET" duration-ms="15452">
      <class name="tests.UserRegistrationTest">
        <test-method is-config="true" signature="startDriver(java.lang.String)[pri:0, instance:tests.UserRegistrationTest@45cec376]" started-at="2022-02-13T14:26:57 EET" name="startDriver" finished-at="2022-02-13T14:27:01 EET" duration-ms="3328" status="PASS">
          <params>
            <param index="0">
              <value>
                <![CDATA[chrome]]>
              </value>
            </param>
          </params>
          <reporter-output>
          </reporter-output>
        </test-method> <!-- startDriver -->
        <test-method signature="UserCanRegisterSuccessfully()[pri:1, instance:tests.UserRegistrationTest@45cec376]" started-at="2022-02-13T14:27:01 EET" name="UserCanRegisterSuccessfully" finished-at="2022-02-13T14:27:03 EET" duration-ms="2547" status="PASS">
          <reporter-output>
          </reporter-output>
        </test-method> <!-- UserCanRegisterSuccessfully -->
        <test-method is-config="true" signature="screenShotOnFailure(org.testng.ITestResult)[pri:0, instance:tests.UserRegistrationTest@45cec376]" started-at="2022-02-13T14:27:03 EET" name="screenShotOnFailure" finished-at="2022-02-13T14:27:03 EET" duration-ms="1" status="PASS">
          <params>
            <param index="0">
              <value>
                <![CDATA[[TestResult name=UserCanRegisterSuccessfully status=SUCCESS method=UserRegistrationTest.UserCanRegisterSuccessfully()[pri:1, instance:tests.UserRegistrationTest@45cec376] output={null}]]]>
              </value>
            </param>
          </params>
          <reporter-output>
          </reporter-output>
        </test-method> <!-- screenShotOnFailure -->
        <test-method signature="RegisteredUserCanLogout()[pri:0, instance:tests.UserRegistrationTest@45cec376]" started-at="2022-02-13T14:27:03 EET" name="RegisteredUserCanLogout" finished-at="2022-02-13T14:27:04 EET" depends-on-methods="tests.UserRegistrationTest.UserCanRegisterSuccessfully" duration-ms="835" status="PASS">
          <reporter-output>
          </reporter-output>
        </test-method> <!-- RegisteredUserCanLogout -->
        <test-method is-config="true" signature="screenShotOnFailure(org.testng.ITestResult)[pri:0, instance:tests.UserRegistrationTest@45cec376]" started-at="2022-02-13T14:27:04 EET" name="screenShotOnFailure" finished-at="2022-02-13T14:27:04 EET" duration-ms="0" status="PASS">
          <params>
            <param index="0">
              <value>
                <![CDATA[[TestResult name=RegisteredUserCanLogout status=SUCCESS method=UserRegistrationTest.RegisteredUserCanLogout()[pri:0, instance:tests.UserRegistrationTest@45cec376] output={null}]]]>
              </value>
            </param>
          </params>
          <reporter-output>
          </reporter-output>
        </test-method> <!-- screenShotOnFailure -->
        <test-method signature="RegisteredUserCanLogin()[pri:0, instance:tests.UserRegistrationTest@45cec376]" started-at="2022-02-13T14:27:04 EET" name="RegisteredUserCanLogin" finished-at="2022-02-13T14:27:06 EET" depends-on-methods="tests.UserRegistrationTest.RegisteredUserCanLogout" duration-ms="1962" status="PASS">
          <reporter-output>
          </reporter-output>
        </test-method> <!-- RegisteredUserCanLogin -->
        <test-method signature="UserCanLogout()[pri:0, instance:tests.UserRegistrationTest@45cec376]" started-at="2022-02-13T14:27:06 EET" name="UserCanLogout" finished-at="2022-02-13T14:27:07 EET" depends-on-methods="tests.UserRegistrationTest.RegisteredUserCanLogin" duration-ms="821" status="PASS">
          <reporter-output>
          </reporter-output>
        </test-method> <!-- UserCanLogout -->
        <test-method is-config="true" signature="screenShotOnFailure(org.testng.ITestResult)[pri:0, instance:tests.UserRegistrationTest@45cec376]" started-at="2022-02-13T14:27:06 EET" name="screenShotOnFailure" finished-at="2022-02-13T14:27:06 EET" duration-ms="0" status="PASS">
          <params>
            <param index="0">
              <value>
                <![CDATA[[TestResult name=RegisteredUserCanLogin status=SUCCESS method=UserRegistrationTest.RegisteredUserCanLogin()[pri:0, instance:tests.UserRegistrationTest@45cec376] output={null}]]]>
              </value>
            </param>
          </params>
          <reporter-output>
          </reporter-output>
        </test-method> <!-- screenShotOnFailure -->
        <test-method is-config="true" signature="screenShotOnFailure(org.testng.ITestResult)[pri:0, instance:tests.UserRegistrationTest@45cec376]" started-at="2022-02-13T14:27:07 EET" name="screenShotOnFailure" finished-at="2022-02-13T14:27:07 EET" duration-ms="1" status="PASS">
          <params>
            <param index="0">
              <value>
                <![CDATA[[TestResult name=UserCanLogout status=SUCCESS method=UserRegistrationTest.UserCanLogout()[pri:0, instance:tests.UserRegistrationTest@45cec376] output={null}]]]>
              </value>
            </param>
          </params>
          <reporter-output>
          </reporter-output>
        </test-method> <!-- screenShotOnFailure -->
        <test-method is-config="true" signature="clearCookies()[pri:0, instance:tests.UserRegistrationTest@45cec376]" started-at="2022-02-13T14:27:16 EET" name="clearCookies" finished-at="2022-02-13T14:27:16 EET" duration-ms="57" status="PASS">
          <reporter-output>
          </reporter-output>
        </test-method> <!-- clearCookies -->
        <test-method is-config="true" signature="closeDriver()[pri:0, instance:tests.UserRegistrationTest@45cec376]" started-at="2022-02-13T14:27:16 EET" name="closeDriver" finished-at="2022-02-13T14:27:16 EET" duration-ms="164" status="PASS">
          <reporter-output>
          </reporter-output>
        </test-method> <!-- closeDriver -->
      </class> <!-- tests.UserRegistrationTest -->
      <class name="tests.MyAccountTest">
        <test-method signature="UserCanRegisterSuccessfully()[pri:1, instance:tests.MyAccountTest@b1d19ff]" started-at="2022-02-13T14:27:07 EET" name="UserCanRegisterSuccessfully" finished-at="2022-02-13T14:27:09 EET" duration-ms="2168" status="PASS">
          <reporter-output>
          </reporter-output>
        </test-method> <!-- UserCanRegisterSuccessfully -->
        <test-method is-config="true" signature="screenShotOnFailure(org.testng.ITestResult)[pri:0, instance:tests.MyAccountTest@b1d19ff]" started-at="2022-02-13T14:27:09 EET" name="screenShotOnFailure" finished-at="2022-02-13T14:27:09 EET" duration-ms="0" status="PASS">
          <params>
            <param index="0">
              <value>
                <![CDATA[[TestResult name=UserCanRegisterSuccessfully status=SUCCESS method=MyAccountTest.UserCanRegisterSuccessfully()[pri:1, instance:tests.MyAccountTest@b1d19ff] output={null}]]]>
              </value>
            </param>
          </params>
          <reporter-output>
          </reporter-output>
        </test-method> <!-- screenShotOnFailure -->
        <test-method signature="RegisteredUserCanChangePassword()[pri:2, instance:tests.MyAccountTest@b1d19ff]" started-at="2022-02-13T14:27:09 EET" name="RegisteredUserCanChangePassword" finished-at="2022-02-13T14:27:12 EET" duration-ms="2635" status="PASS">
          <reporter-output>
          </reporter-output>
        </test-method> <!-- RegisteredUserCanChangePassword -->
        <test-method is-config="true" signature="screenShotOnFailure(org.testng.ITestResult)[pri:0, instance:tests.MyAccountTest@b1d19ff]" started-at="2022-02-13T14:27:12 EET" name="screenShotOnFailure" finished-at="2022-02-13T14:27:12 EET" duration-ms="0" status="PASS">
          <params>
            <param index="0">
              <value>
                <![CDATA[[TestResult name=RegisteredUserCanChangePassword status=SUCCESS method=MyAccountTest.RegisteredUserCanChangePassword()[pri:2, instance:tests.MyAccountTest@b1d19ff] output={null}]]]>
              </value>
            </param>
          </params>
          <reporter-output>
          </reporter-output>
        </test-method> <!-- screenShotOnFailure -->
        <test-method signature="RegisteredUserCanLogout()[pri:3, instance:tests.MyAccountTest@b1d19ff]" started-at="2022-02-13T14:27:12 EET" name="RegisteredUserCanLogout" finished-at="2022-02-13T14:27:14 EET" depends-on-methods="tests.MyAccountTest.RegisteredUserCanChangePassword" duration-ms="1823" status="PASS">
          <reporter-output>
          </reporter-output>
        </test-method> <!-- RegisteredUserCanLogout -->
        <test-method is-config="true" signature="screenShotOnFailure(org.testng.ITestResult)[pri:0, instance:tests.MyAccountTest@b1d19ff]" started-at="2022-02-13T14:27:14 EET" name="screenShotOnFailure" finished-at="2022-02-13T14:27:14 EET" duration-ms="1" status="PASS">
          <params>
            <param index="0">
              <value>
                <![CDATA[[TestResult name=RegisteredUserCanLogout status=SUCCESS method=MyAccountTest.RegisteredUserCanLogout()[pri:3, instance:tests.MyAccountTest@b1d19ff] output={null}]]]>
              </value>
            </param>
          </params>
          <reporter-output>
          </reporter-output>
        </test-method> <!-- screenShotOnFailure -->
        <test-method signature="RegisteredUserCanLogin()[pri:4, instance:tests.MyAccountTest@b1d19ff]" started-at="2022-02-13T14:27:14 EET" name="RegisteredUserCanLogin" finished-at="2022-02-13T14:27:15 EET" depends-on-methods="tests.MyAccountTest.RegisteredUserCanLogout" duration-ms="1753" status="PASS">
          <reporter-output>
          </reporter-output>
        </test-method> <!-- RegisteredUserCanLogin -->
        <test-method is-config="true" signature="screenShotOnFailure(org.testng.ITestResult)[pri:0, instance:tests.MyAccountTest@b1d19ff]" started-at="2022-02-13T14:27:15 EET" name="screenShotOnFailure" finished-at="2022-02-13T14:27:15 EET" duration-ms="0" status="PASS">
          <params>
            <param index="0">
              <value>
                <![CDATA[[TestResult name=RegisteredUserCanLogin status=SUCCESS method=MyAccountTest.RegisteredUserCanLogin()[pri:4, instance:tests.MyAccountTest@b1d19ff] output={null}]]]>
              </value>
            </param>
          </params>
          <reporter-output>
          </reporter-output>
        </test-method> <!-- screenShotOnFailure -->
        <test-method signature="UserLogout()[pri:5, instance:tests.MyAccountTest@b1d19ff]" started-at="2022-02-13T14:27:15 EET" name="UserLogout" finished-at="2022-02-13T14:27:16 EET" depends-on-methods="tests.MyAccountTest.RegisteredUserCanLogin" duration-ms="793" status="PASS">
          <reporter-output>
          </reporter-output>
        </test-method> <!-- UserLogout -->
        <test-method is-config="true" signature="screenShotOnFailure(org.testng.ITestResult)[pri:0, instance:tests.MyAccountTest@b1d19ff]" started-at="2022-02-13T14:27:16 EET" name="screenShotOnFailure" finished-at="2022-02-13T14:27:16 EET" duration-ms="1" status="PASS">
          <params>
            <param index="0">
              <value>
                <![CDATA[[TestResult name=UserLogout status=SUCCESS method=MyAccountTest.UserLogout()[pri:5, instance:tests.MyAccountTest@b1d19ff] output={null}]]]>
              </value>
            </param>
          </params>
          <reporter-output>
          </reporter-output>
        </test-method> <!-- screenShotOnFailure -->
      </class> <!-- tests.MyAccountTest -->
    </test> <!-- Test -->
  </suite> <!-- nopcommerce Regression Suite -->
</testng-results>
