<?xml version="1.0" encoding="UTF-8"?>
<!-- Generated by org.testng.reporters.JUnitXMLReporter -->
<testsuite hostname="DESKTOP-C2NQTD1" ignored="0" name="Firefox Test" tests="12" failures="1" timestamp="2022-04-07T16:37:37 EET" time="37.897" errors="0">
  <testcase name="UserCanContactWebsiteOwner" time="1.89" classname="tests.ContactUsTest"/>
  <testcase name="UserCanSearchForProductWithAutoSuggest" time="0.149" classname="tests.SearchProductTestWithAutoSuggest"/>
  <testcase name="UserCanSearchForProducts" time="2.714" classname="tests.SearchProductTest"/>
  <testcase name="UserCanRegisterSuccessfully" time="2.726" classname="tests.UserRegistrationTest"/>
  <testcase name="RegisteredUserCanLogout" time="1.092" classname="tests.UserRegistrationTest"/>
  <testcase name="RegisteredUserCanLogin" time="2.203" classname="tests.UserRegistrationTest"/>
  <testcase name="UserCanLogout" time="1.066" classname="tests.UserRegistrationTest"/>
  <testcase name="UserCanRegisterSuccessfully" time="3.906" classname="tests.MyAccountTest"/>
  <testcase name="RegisteredUserCanChangePassword" time="2.771" classname="tests.MyAccountTest"/>
  <testcase name="RegisteredUserCanLogout" time="0.071" classname="tests.MyAccountTest">
    <failure type="org.openqa.selenium.ElementClickInterceptedException" message="Element &amp;lt;a class=&amp;quot;ico-logout&amp;quot; href=&amp;quot;/logout&amp;quot;&amp;gt; is not clickable at point (888,22) because another element &amp;lt;p class=&amp;quot;content&amp;quot;&amp;gt; obscures it
Build info: version: &amp;apos;3.141.59&amp;apos;, revision: &amp;apos;e82be7d358&amp;apos;, time: &amp;apos;2018-11-14T08:17:03&amp;apos;
System info: host: &amp;apos;DESKTOP-C2NQTD1&amp;apos;, ip: &amp;apos;192.168.103.149&amp;apos;, os.name: &amp;apos;Windows 10&amp;apos;, os.arch: &amp;apos;amd64&amp;apos;, os.version: &amp;apos;10.0&amp;apos;, java.version: &amp;apos;1.8.0_321&amp;apos;
Driver info: org.openqa.selenium.remote.RemoteWebDriver
Capabilities {acceptInsecureCerts: false, browserName: firefox, browserVersion: 98.0.2, javascriptEnabled: true, moz:accessibilityChecks: false, moz:buildID: 20220322144853, moz:geckodriverVersion: 0.30.0, moz:headless: false, moz:processID: 4608, moz:profile: /tmp/rust_mozprofilewCFRK0, moz:shutdownTimeout: 60000, moz:useNonSpecCompliantPointerOrigin: false, moz:webdriverClick: true, pageLoadStrategy: normal, platform: LINUX, platformName: LINUX, platformVersion: 5.10.102.1-microsoft-standa..., proxy: Proxy(), se:cdp: ws://172.22.0.4:4444/sessio..., se:noVncPort: 7900, se:vnc: ws://172.22.0.4:4444/sessio..., se:vncEnabled: true, se:vncLocalAddress: ws://172.22.0.4:7900, setWindowRect: true, strictFileInteractability: false, timeouts: {implicit: 0, pageLoad: 300000, script: 30000}, unhandledPromptBehavior: dismiss and notify}
Session ID: e9a46467-d1b0-4216-a0bd-d93e05845bcb">
      <![CDATA[org.openqa.selenium.ElementClickInterceptedException: Element <a class="ico-logout" href="/logout"> is not clickable at point (888,22) because another element <p class="content"> obscures it
Build info: version: '3.141.59', revision: 'e82be7d358', time: '2018-11-14T08:17:03'
System info: host: 'DESKTOP-C2NQTD1', ip: '192.168.103.149', os.name: 'Windows 10', os.arch: 'amd64', os.version: '10.0', java.version: '1.8.0_321'
Driver info: org.openqa.selenium.remote.RemoteWebDriver
Capabilities {acceptInsecureCerts: false, browserName: firefox, browserVersion: 98.0.2, javascriptEnabled: true, moz:accessibilityChecks: false, moz:buildID: 20220322144853, moz:geckodriverVersion: 0.30.0, moz:headless: false, moz:processID: 4608, moz:profile: /tmp/rust_mozprofilewCFRK0, moz:shutdownTimeout: 60000, moz:useNonSpecCompliantPointerOrigin: false, moz:webdriverClick: true, pageLoadStrategy: normal, platform: LINUX, platformName: LINUX, platformVersion: 5.10.102.1-microsoft-standa..., proxy: Proxy(), se:cdp: ws://172.22.0.4:4444/sessio..., se:noVncPort: 7900, se:vnc: ws://172.22.0.4:4444/sessio..., se:vncEnabled: true, se:vncLocalAddress: ws://172.22.0.4:7900, setWindowRect: true, strictFileInteractability: false, timeouts: {implicit: 0, pageLoad: 300000, script: 30000}, unhandledPromptBehavior: dismiss and notify}
Session ID: e9a46467-d1b0-4216-a0bd-d93e05845bcb
at org.openqa.selenium.remote.http.W3CHttpResponseCodec.createException(W3CHttpResponseCodec.java:187)
at org.openqa.selenium.remote.http.W3CHttpResponseCodec.decode(W3CHttpResponseCodec.java:122)
at org.openqa.selenium.remote.http.W3CHttpResponseCodec.decode(W3CHttpResponseCodec.java:49)
at org.openqa.selenium.remote.HttpCommandExecutor.execute(HttpCommandExecutor.java:158)
at org.openqa.selenium.remote.RemoteWebDriver.execute(RemoteWebDriver.java:552)
at org.openqa.selenium.remote.RemoteWebElement.execute(RemoteWebElement.java:285)
at org.openqa.selenium.remote.RemoteWebElement.click(RemoteWebElement.java:84)
at org.openqa.selenium.support.pagefactory.internal.LocatingElementHandler.invoke(LocatingElementHandler.java:51)
at com.sun.proxy.$Proxy10.click(Unknown Source)
at pages.PageBase.ClickButton(PageBase.java:23)
at pages.UserRegistrationPage.userlogout(UserRegistrationPage.java:56)
at tests.MyAccountTest.RegisteredUserCanLogout(MyAccountTest.java:52)
at java.util.ArrayList.forEach(ArrayList.java:1259)
at java.util.concurrent.FutureTask.run(FutureTask.java:266)
at java.util.concurrent.ThreadPoolExecutor.runWorker(ThreadPoolExecutor.java:1149)
at java.util.concurrent.ThreadPoolExecutor$Worker.run(ThreadPoolExecutor.java:624)
at java.lang.Thread.run(Thread.java:750)
... Removed 25 stack frames]]>
    </failure>
  </testcase> <!-- RegisteredUserCanLogout -->
  <testcase name="RegisteredUserCanLogin" time="0.0" classname="tests.MyAccountTest">
    <skipped/>
  </testcase> <!-- RegisteredUserCanLogin -->
  <testcase name="UserLogout" time="0.0" classname="tests.MyAccountTest">
    <skipped/>
  </testcase> <!-- UserLogout -->
</testsuite> <!-- Firefox Test -->
