<?xml version="1.0" encoding="UTF-8"?>
<!-- Generated by org.testng.reporters.JUnitXMLReporter -->
<testsuite hostname="DESKTOP-C2NQTD1" ignored="12" name="Test" tests="12" failures="0" timestamp="2022-03-30T22:24:42 EET" time="24.626" errors="0">
  <testcase name="UserCanRegisterSuccessfully" time="2.843" classname="tests.UserRegistrationTest"/>
  <testcase name="RegisteredUserCanLogout" time="1.098" classname="tests.UserRegistrationTest"/>
  <testcase name="RegisteredUserCanLogin" time="2.095" classname="tests.UserRegistrationTest"/>
  <testcase name="UserCanLogout" time="0.992" classname="tests.UserRegistrationTest"/>
  <testcase name="UserCanRegisterSuccessfully" time="2.414" classname="tests.MyAccountTest"/>
  <testcase name="RegisteredUserCanChangePassword" time="3.78" classname="tests.MyAccountTest"/>
  <testcase name="RegisteredUserCanLogout" time="1.034" classname="tests.MyAccountTest"/>
  <testcase name="RegisteredUserCanLogin" time="2.063" classname="tests.MyAccountTest"/>
  <testcase name="UserLogout" time="1.031" classname="tests.MyAccountTest"/>
  <testcase name="UserCanContactWebsiteOwner" time="1.824" classname="tests.ContactUsTest"/>
  <testcase name="UserCanSearchForProducts" time="2.491" classname="tests.SearchProductTest"/>
  <testcase name="UserCanSearchForProductWithAutoSuggest" time="0.12" classname="tests.SearchProductTestWithAutoSuggest"/>
  <testcase name="@BeforeSuite startDriver" time="0.0" classname="tests.TestBase">
    <ignored/>
  </testcase> <!-- @BeforeSuite startDriver -->
  <testcase name="@BeforeSuite startDriver" time="0.0" classname="tests.TestBase">
    <ignored/>
  </testcase> <!-- @BeforeSuite startDriver -->
  <testcase name="@BeforeSuite startDriver" time="0.0" classname="tests.TestBase">
    <ignored/>
  </testcase> <!-- @BeforeSuite startDriver -->
  <testcase name="@BeforeSuite startDriver" time="0.0" classname="tests.TestBase">
    <ignored/>
  </testcase> <!-- @BeforeSuite startDriver -->
  <testcase name="@AfterTest clearCookies" time="0.0" classname="tests.TestBase">
    <ignored/>
  </testcase> <!-- @AfterTest clearCookies -->
  <testcase name="@AfterTest clearCookies" time="0.0" classname="tests.TestBase">
    <ignored/>
  </testcase> <!-- @AfterTest clearCookies -->
  <testcase name="@AfterTest clearCookies" time="0.0" classname="tests.TestBase">
    <ignored/>
  </testcase> <!-- @AfterTest clearCookies -->
  <testcase name="@AfterTest clearCookies" time="0.0" classname="tests.TestBase">
    <ignored/>
  </testcase> <!-- @AfterTest clearCookies -->
  <testcase name="@AfterSuite closeDriver" time="0.0" classname="tests.TestBase">
    <ignored/>
  </testcase> <!-- @AfterSuite closeDriver -->
  <testcase name="@AfterSuite closeDriver" time="0.0" classname="tests.TestBase">
    <ignored/>
  </testcase> <!-- @AfterSuite closeDriver -->
  <testcase name="@AfterSuite closeDriver" time="0.0" classname="tests.TestBase">
    <ignored/>
  </testcase> <!-- @AfterSuite closeDriver -->
  <testcase name="@AfterSuite closeDriver" time="0.0" classname="tests.TestBase">
    <ignored/>
  </testcase> <!-- @AfterSuite closeDriver -->
</testsuite> <!-- Test -->
