<?xml version="1.0" encoding="UTF-8"?>
<!-- Generated by org.testng.reporters.JUnitXMLReporter -->
<testsuite hostname="DESKTOP-C2NQTD1" ignored="12" name="Test" tests="12" failures="0" timestamp="2022-03-30T22:15:51 EET" time="24.176" errors="0">
  <testcase name="UserCanRegisterSuccessfully" time="2.454" classname="tests.UserRegistrationTest"/>
  <testcase name="RegisteredUserCanLogout" time="0.809" classname="tests.UserRegistrationTest"/>
  <testcase name="RegisteredUserCanLogin" time="1.885" classname="tests.UserRegistrationTest"/>
  <testcase name="UserCanLogout" time="0.901" classname="tests.UserRegistrationTest"/>
  <testcase name="UserCanRegisterSuccessfully" time="2.055" classname="tests.MyAccountTest"/>
  <testcase name="RegisteredUserCanChangePassword" time="3.534" classname="tests.MyAccountTest"/>
  <testcase name="RegisteredUserCanLogout" time="0.885" classname="tests.MyAccountTest"/>
  <testcase name="RegisteredUserCanLogin" time="1.602" classname="tests.MyAccountTest"/>
  <testcase name="UserLogout" time="0.807" classname="tests.MyAccountTest"/>
  <testcase name="UserCanContactWebsiteOwner" time="1.697" classname="tests.ContactUsTest"/>
  <testcase name="UserCanSearchForProducts" time="2.287" classname="tests.SearchProductTest"/>
  <testcase name="UserCanSearchForProductWithAutoSuggest" time="3.047" classname="tests.SearchProductTestWithAutoSuggest"/>
  <testcase name="@BeforeSuite startDriver" time="0.0" classname="tests.TestBase">
    <ignored/>
  </testcase> <!-- @BeforeSuite startDriver -->
  <testcase name="@BeforeSuite startDriver" time="0.0" classname="tests.TestBase">
    <ignored/>
  </testcase> <!-- @BeforeSuite startDriver -->
  <testcase name="@BeforeSuite startDriver" time="0.0" classname="tests.TestBase">
    <ignored/>
  </testcase> <!-- @BeforeSuite startDriver -->
  <testcase name="@BeforeSuite startDriver" time="0.0" classname="tests.TestBase">
    <ignored/>
  </testcase> <!-- @BeforeSuite startDriver -->
  <testcase name="@AfterTest clearCookies" time="0.0" classname="tests.TestBase">
    <ignored/>
  </testcase> <!-- @AfterTest clearCookies -->
  <testcase name="@AfterTest clearCookies" time="0.0" classname="tests.TestBase">
    <ignored/>
  </testcase> <!-- @AfterTest clearCookies -->
  <testcase name="@AfterTest clearCookies" time="0.0" classname="tests.TestBase">
    <ignored/>
  </testcase> <!-- @AfterTest clearCookies -->
  <testcase name="@AfterTest clearCookies" time="0.0" classname="tests.TestBase">
    <ignored/>
  </testcase> <!-- @AfterTest clearCookies -->
  <testcase name="@AfterSuite closeDriver" time="0.0" classname="tests.TestBase">
    <ignored/>
  </testcase> <!-- @AfterSuite closeDriver -->
  <testcase name="@AfterSuite closeDriver" time="0.0" classname="tests.TestBase">
    <ignored/>
  </testcase> <!-- @AfterSuite closeDriver -->
  <testcase name="@AfterSuite closeDriver" time="0.0" classname="tests.TestBase">
    <ignored/>
  </testcase> <!-- @AfterSuite closeDriver -->
  <testcase name="@AfterSuite closeDriver" time="0.0" classname="tests.TestBase">
    <ignored/>
  </testcase> <!-- @AfterSuite closeDriver -->
</testsuite> <!-- Test -->
